
*** Running vivado
    with args -log OffRAMPS_top.vds -m64 -product Vivado -mode batch -messageDb vivado.pb -notrace -source OffRAMPS_top.tcl


****** Vivado v2023.2 (64-bit)
  **** SW Build 4029153 on Fri Oct 13 20:13:54 MDT 2023
  **** IP Build 4028589 on Sat Oct 14 00:45:43 MDT 2023
  **** SharedData Build 4025554 on Tue Oct 10 17:18:54 MDT 2023
    ** Copyright 1986-2022 Xilinx, Inc. All Rights Reserved.
    ** Copyright 2022-2023 Advanced Micro Devices, Inc. All Rights Reserved.

Sourcing tcl script '/home/jason/.Xilinx/Vivado/Vivado_init.tcl'
source OffRAMPS_top.tcl -notrace
create_project: Time (s): cpu = 00:00:14 ; elapsed = 00:00:15 . Memory (MB): peak = 1332.770 ; gain = 13.898 ; free physical = 123 ; free virtual = 5230
Command: read_checkpoint -auto_incremental -incremental /home/jason/Desktop/OffRAMPS_HDL/OffRAMPS_HDL.srcs/utils_1/imports/synth_1/OffRAMPS_top.dcp
INFO: [Vivado 12-5825] Read reference checkpoint from /home/jason/Desktop/OffRAMPS_HDL/OffRAMPS_HDL.srcs/utils_1/imports/synth_1/OffRAMPS_top.dcp for incremental synthesis
INFO: [Vivado 12-7989] Please ensure there are no constraint changes
Command: synth_design -top OffRAMPS_top -part xc7a35tcpg236-1
Starting synth_design
Attempting to get a license for feature 'Synthesis' and/or device 'xc7a35t'
INFO: [Common 17-349] Got license for feature 'Synthesis' and/or device 'xc7a35t'
INFO: [Device 21-403] Loading part xc7a35tcpg236-1
INFO: [Designutils 20-5440] No compile time benefit to using incremental synthesis; A full resynthesis will be run
INFO: [Designutils 20-4379] Flow is switching to default flow due to incremental criteria not met. If you would like to alter this behaviour and have the flow terminate instead, please set the following parameter config_implementation {autoIncr.Synth.RejectBehavior Terminate}
INFO: [Synth 8-7079] Multithreading enabled for synth_design using a maximum of 4 processes.
INFO: [Synth 8-7078] Launching helper process for spawning children vivado processes
INFO: [Synth 8-7075] Helper process launched with PID 18702
---------------------------------------------------------------------------------
Starting RTL Elaboration : Time (s): cpu = 00:00:06 ; elapsed = 00:00:07 . Memory (MB): peak = 2073.430 ; gain = 404.715 ; free physical = 125 ; free virtual = 4100
---------------------------------------------------------------------------------
INFO: [Synth 8-638] synthesizing module 'OffRAMPS_top' [/home/jason/Desktop/OffRAMPS_HDL/OffRAMPS_HDL.srcs/sources_1/new/OFFRAMPS_TOP.vhd:79]
INFO: [Synth 8-3491] module 'DETECT_HOME' declared at '/home/jason/Desktop/OffRAMPS_HDL/OffRAMPS_HDL.srcs/sources_1/new/DETECT_HOME.vhd:6' bound to instance 'HomingDetector' of component 'DETECT_HOME' [/home/jason/Desktop/OffRAMPS_HDL/OffRAMPS_HDL.srcs/sources_1/new/OFFRAMPS_TOP.vhd:173]
INFO: [Synth 8-638] synthesizing module 'DETECT_HOME' [/home/jason/Desktop/OffRAMPS_HDL/OffRAMPS_HDL.srcs/sources_1/new/DETECT_HOME.vhd:19]
INFO: [Synth 8-226] default block is never used [/home/jason/Desktop/OffRAMPS_HDL/OffRAMPS_HDL.srcs/sources_1/new/DETECT_HOME.vhd:51]
INFO: [Synth 8-256] done synthesizing module 'DETECT_HOME' (0#1) [/home/jason/Desktop/OffRAMPS_HDL/OffRAMPS_HDL.srcs/sources_1/new/DETECT_HOME.vhd:19]
INFO: [Synth 8-3491] module 'TROJAN_TOP' declared at '/home/jason/Desktop/OffRAMPS_HDL/OffRAMPS_HDL.srcs/sources_1/new/TROJAN_TOP.vhd:4' bound to instance 'Trojans' of component 'TROJAN_TOP' [/home/jason/Desktop/OffRAMPS_HDL/OffRAMPS_HDL.srcs/sources_1/new/OFFRAMPS_TOP.vhd:184]
INFO: [Synth 8-638] synthesizing module 'TROJAN_TOP' [/home/jason/Desktop/OffRAMPS_HDL/OffRAMPS_HDL.srcs/sources_1/new/TROJAN_TOP.vhd:54]
INFO: [Synth 8-3491] module 'RISING_EDGE_DETECTOR' declared at '/home/jason/Desktop/OffRAMPS_HDL/OffRAMPS_HDL.srcs/sources_1/new/RISING_EDGE_DETECTOR.vhd:4' bound to instance 'E_STEP_EDGE' of component 'RISING_EDGE_DETECTOR' [/home/jason/Desktop/OffRAMPS_HDL/OffRAMPS_HDL.srcs/sources_1/new/TROJAN_TOP.vhd:74]
INFO: [Synth 8-638] synthesizing module 'RISING_EDGE_DETECTOR' [/home/jason/Desktop/OffRAMPS_HDL/OffRAMPS_HDL.srcs/sources_1/new/RISING_EDGE_DETECTOR.vhd:12]
WARNING: [Synth 8-614] signal 'input' is read in the process but is not in the sensitivity list [/home/jason/Desktop/OffRAMPS_HDL/OffRAMPS_HDL.srcs/sources_1/new/RISING_EDGE_DETECTOR.vhd:15]
WARNING: [Synth 8-614] signal 'prev_input' is read in the process but is not in the sensitivity list [/home/jason/Desktop/OffRAMPS_HDL/OffRAMPS_HDL.srcs/sources_1/new/RISING_EDGE_DETECTOR.vhd:15]
INFO: [Synth 8-256] done synthesizing module 'RISING_EDGE_DETECTOR' (0#1) [/home/jason/Desktop/OffRAMPS_HDL/OffRAMPS_HDL.srcs/sources_1/new/RISING_EDGE_DETECTOR.vhd:12]
INFO: [Synth 8-3491] module 'RISING_EDGE_DETECTOR' declared at '/home/jason/Desktop/OffRAMPS_HDL/OffRAMPS_HDL.srcs/sources_1/new/RISING_EDGE_DETECTOR.vhd:4' bound to instance 'X_STEP_EDGE' of component 'RISING_EDGE_DETECTOR' [/home/jason/Desktop/OffRAMPS_HDL/OffRAMPS_HDL.srcs/sources_1/new/TROJAN_TOP.vhd:75]
INFO: [Synth 8-3491] module 'RISING_EDGE_DETECTOR' declared at '/home/jason/Desktop/OffRAMPS_HDL/OffRAMPS_HDL.srcs/sources_1/new/RISING_EDGE_DETECTOR.vhd:4' bound to instance 'Y_STEP_EDGE' of component 'RISING_EDGE_DETECTOR' [/home/jason/Desktop/OffRAMPS_HDL/OffRAMPS_HDL.srcs/sources_1/new/TROJAN_TOP.vhd:76]
INFO: [Synth 8-3491] module 'RISING_EDGE_DETECTOR' declared at '/home/jason/Desktop/OffRAMPS_HDL/OffRAMPS_HDL.srcs/sources_1/new/RISING_EDGE_DETECTOR.vhd:4' bound to instance 'Z_STEP_EDGE' of component 'RISING_EDGE_DETECTOR' [/home/jason/Desktop/OffRAMPS_HDL/OffRAMPS_HDL.srcs/sources_1/new/TROJAN_TOP.vhd:77]
INFO: [Synth 8-256] done synthesizing module 'TROJAN_TOP' (0#1) [/home/jason/Desktop/OffRAMPS_HDL/OffRAMPS_HDL.srcs/sources_1/new/TROJAN_TOP.vhd:54]
INFO: [Synth 8-256] done synthesizing module 'OffRAMPS_top' (0#1) [/home/jason/Desktop/OffRAMPS_HDL/OffRAMPS_HDL.srcs/sources_1/new/OFFRAMPS_TOP.vhd:79]
WARNING: [Synth 8-3848] Net o_E0_DIR in module/entity TROJAN_TOP does not have driver. [/home/jason/Desktop/OffRAMPS_HDL/OffRAMPS_HDL.srcs/sources_1/new/TROJAN_TOP.vhd:33]
WARNING: [Synth 8-3848] Net o_E0_EN in module/entity TROJAN_TOP does not have driver. [/home/jason/Desktop/OffRAMPS_HDL/OffRAMPS_HDL.srcs/sources_1/new/TROJAN_TOP.vhd:34]
WARNING: [Synth 8-3848] Net o_E0_STEP in module/entity TROJAN_TOP does not have driver. [/home/jason/Desktop/OffRAMPS_HDL/OffRAMPS_HDL.srcs/sources_1/new/TROJAN_TOP.vhd:35]
WARNING: [Synth 8-3848] Net o_X_DIR in module/entity TROJAN_TOP does not have driver. [/home/jason/Desktop/OffRAMPS_HDL/OffRAMPS_HDL.srcs/sources_1/new/TROJAN_TOP.vhd:37]
WARNING: [Synth 8-3848] Net o_X_EN in module/entity TROJAN_TOP does not have driver. [/home/jason/Desktop/OffRAMPS_HDL/OffRAMPS_HDL.srcs/sources_1/new/TROJAN_TOP.vhd:38]
WARNING: [Synth 8-3848] Net o_X_MIN in module/entity TROJAN_TOP does not have driver. [/home/jason/Desktop/OffRAMPS_HDL/OffRAMPS_HDL.srcs/sources_1/new/TROJAN_TOP.vhd:39]
WARNING: [Synth 8-3848] Net o_X_STEP in module/entity TROJAN_TOP does not have driver. [/home/jason/Desktop/OffRAMPS_HDL/OffRAMPS_HDL.srcs/sources_1/new/TROJAN_TOP.vhd:40]
WARNING: [Synth 8-3848] Net o_Y_DIR in module/entity TROJAN_TOP does not have driver. [/home/jason/Desktop/OffRAMPS_HDL/OffRAMPS_HDL.srcs/sources_1/new/TROJAN_TOP.vhd:42]
WARNING: [Synth 8-3848] Net o_Y_EN in module/entity TROJAN_TOP does not have driver. [/home/jason/Desktop/OffRAMPS_HDL/OffRAMPS_HDL.srcs/sources_1/new/TROJAN_TOP.vhd:43]
WARNING: [Synth 8-3848] Net o_Y_MIN in module/entity TROJAN_TOP does not have driver. [/home/jason/Desktop/OffRAMPS_HDL/OffRAMPS_HDL.srcs/sources_1/new/TROJAN_TOP.vhd:44]
WARNING: [Synth 8-3848] Net o_Y_STEP in module/entity TROJAN_TOP does not have driver. [/home/jason/Desktop/OffRAMPS_HDL/OffRAMPS_HDL.srcs/sources_1/new/TROJAN_TOP.vhd:45]
WARNING: [Synth 8-3848] Net o_Z_DIR in module/entity TROJAN_TOP does not have driver. [/home/jason/Desktop/OffRAMPS_HDL/OffRAMPS_HDL.srcs/sources_1/new/TROJAN_TOP.vhd:47]
WARNING: [Synth 8-3848] Net o_Z_EN in module/entity TROJAN_TOP does not have driver. [/home/jason/Desktop/OffRAMPS_HDL/OffRAMPS_HDL.srcs/sources_1/new/TROJAN_TOP.vhd:48]
WARNING: [Synth 8-3848] Net o_Z_MIN in module/entity TROJAN_TOP does not have driver. [/home/jason/Desktop/OffRAMPS_HDL/OffRAMPS_HDL.srcs/sources_1/new/TROJAN_TOP.vhd:49]
WARNING: [Synth 8-3848] Net o_Z_STEP in module/entity TROJAN_TOP does not have driver. [/home/jason/Desktop/OffRAMPS_HDL/OffRAMPS_HDL.srcs/sources_1/new/TROJAN_TOP.vhd:50]
WARNING: [Synth 8-3848] Net led_1 in module/entity OffRAMPS_top does not have driver. [/home/jason/Desktop/OffRAMPS_HDL/OffRAMPS_HDL.srcs/sources_1/new/OFFRAMPS_TOP.vhd:15]
WARNING: [Synth 8-3848] Net o_D10 in module/entity OffRAMPS_top does not have driver. [/home/jason/Desktop/OffRAMPS_HDL/OffRAMPS_HDL.srcs/sources_1/new/OFFRAMPS_TOP.vhd:53]
WARNING: [Synth 8-3848] Net o_D9 in module/entity OffRAMPS_top does not have driver. [/home/jason/Desktop/OffRAMPS_HDL/OffRAMPS_HDL.srcs/sources_1/new/OFFRAMPS_TOP.vhd:54]
WARNING: [Synth 8-3848] Net o_X_MAX in module/entity OffRAMPS_top does not have driver. [/home/jason/Desktop/OffRAMPS_HDL/OffRAMPS_HDL.srcs/sources_1/new/OFFRAMPS_TOP.vhd:63]
WARNING: [Synth 8-3848] Net o_Y_MAX in module/entity OffRAMPS_top does not have driver. [/home/jason/Desktop/OffRAMPS_HDL/OffRAMPS_HDL.srcs/sources_1/new/OFFRAMPS_TOP.vhd:68]
WARNING: [Synth 8-3848] Net o_Z_MAX in module/entity OffRAMPS_top does not have driver. [/home/jason/Desktop/OffRAMPS_HDL/OffRAMPS_HDL.srcs/sources_1/new/OFFRAMPS_TOP.vhd:73]
WARNING: [Synth 8-3917] design OffRAMPS_top has port o_THERM_EN driven by constant 0
WARNING: [Synth 8-7129] Port o_E0_DIR in module TROJAN_TOP is either unconnected or has no load
WARNING: [Synth 8-7129] Port o_E0_EN in module TROJAN_TOP is either unconnected or has no load
WARNING: [Synth 8-7129] Port o_E0_STEP in module TROJAN_TOP is either unconnected or has no load
WARNING: [Synth 8-7129] Port o_X_DIR in module TROJAN_TOP is either unconnected or has no load
WARNING: [Synth 8-7129] Port o_X_EN in module TROJAN_TOP is either unconnected or has no load
WARNING: [Synth 8-7129] Port o_X_MIN in module TROJAN_TOP is either unconnected or has no load
WARNING: [Synth 8-7129] Port o_X_STEP in module TROJAN_TOP is either unconnected or has no load
WARNING: [Synth 8-7129] Port o_Y_DIR in module TROJAN_TOP is either unconnected or has no load
WARNING: [Synth 8-7129] Port o_Y_EN in module TROJAN_TOP is either unconnected or has no load
WARNING: [Synth 8-7129] Port o_Y_MIN in module TROJAN_TOP is either unconnected or has no load
WARNING: [Synth 8-7129] Port o_Y_STEP in module TROJAN_TOP is either unconnected or has no load
WARNING: [Synth 8-7129] Port o_Z_DIR in module TROJAN_TOP is either unconnected or has no load
WARNING: [Synth 8-7129] Port o_Z_EN in module TROJAN_TOP is either unconnected or has no load
WARNING: [Synth 8-7129] Port o_Z_MIN in module TROJAN_TOP is either unconnected or has no load
WARNING: [Synth 8-7129] Port o_Z_STEP in module TROJAN_TOP is either unconnected or has no load
WARNING: [Synth 8-7129] Port enable_x_troj in module TROJAN_TOP is either unconnected or has no load
WARNING: [Synth 8-7129] Port enable_y_troj in module TROJAN_TOP is either unconnected or has no load
WARNING: [Synth 8-7129] Port enable_z_troj in module TROJAN_TOP is either unconnected or has no load
WARNING: [Synth 8-7129] Port homing_complete in module TROJAN_TOP is either unconnected or has no load
WARNING: [Synth 8-7129] Port i_E0_DIR in module TROJAN_TOP is either unconnected or has no load
WARNING: [Synth 8-7129] Port i_E0_EN in module TROJAN_TOP is either unconnected or has no load
WARNING: [Synth 8-7129] Port i_X_DIR in module TROJAN_TOP is either unconnected or has no load
WARNING: [Synth 8-7129] Port i_X_EN in module TROJAN_TOP is either unconnected or has no load
WARNING: [Synth 8-7129] Port i_X_MIN in module TROJAN_TOP is either unconnected or has no load
WARNING: [Synth 8-7129] Port i_Y_DIR in module TROJAN_TOP is either unconnected or has no load
WARNING: [Synth 8-7129] Port i_Y_EN in module TROJAN_TOP is either unconnected or has no load
WARNING: [Synth 8-7129] Port i_Y_MIN in module TROJAN_TOP is either unconnected or has no load
WARNING: [Synth 8-7129] Port i_Z_DIR in module TROJAN_TOP is either unconnected or has no load
WARNING: [Synth 8-7129] Port i_Z_EN in module TROJAN_TOP is either unconnected or has no load
WARNING: [Synth 8-7129] Port i_Z_MIN in module TROJAN_TOP is either unconnected or has no load
WARNING: [Synth 8-7129] Port i_X_STEP in module DETECT_HOME is either unconnected or has no load
WARNING: [Synth 8-7129] Port i_Y_STEP in module DETECT_HOME is either unconnected or has no load
WARNING: [Synth 8-7129] Port i_Z_STEP in module DETECT_HOME is either unconnected or has no load
WARNING: [Synth 8-7129] Port led_1 in module OffRAMPS_top is either unconnected or has no load
WARNING: [Synth 8-7129] Port o_D10 in module OffRAMPS_top is either unconnected or has no load
WARNING: [Synth 8-7129] Port o_D9 in module OffRAMPS_top is either unconnected or has no load
WARNING: [Synth 8-7129] Port o_X_MAX in module OffRAMPS_top is either unconnected or has no load
WARNING: [Synth 8-7129] Port o_Y_MAX in module OffRAMPS_top is either unconnected or has no load
WARNING: [Synth 8-7129] Port o_Z_MAX in module OffRAMPS_top is either unconnected or has no load
WARNING: [Synth 8-7129] Port i_THERM0_n_0 in module OffRAMPS_top is either unconnected or has no load
WARNING: [Synth 8-7129] Port i_THERM0_p_0 in module OffRAMPS_top is either unconnected or has no load
WARNING: [Synth 8-7129] Port i_THERM1_n_1 in module OffRAMPS_top is either unconnected or has no load
WARNING: [Synth 8-7129] Port i_THERM1_p_1 in module OffRAMPS_top is either unconnected or has no load
WARNING: [Synth 8-7129] Port i_D10 in module OffRAMPS_top is either unconnected or has no load
WARNING: [Synth 8-7129] Port i_D8 in module OffRAMPS_top is either unconnected or has no load
WARNING: [Synth 8-7129] Port i_D9 in module OffRAMPS_top is either unconnected or has no load
WARNING: [Synth 8-7129] Port i_THERM0_SCL in module OffRAMPS_top is either unconnected or has no load
WARNING: [Synth 8-7129] Port i_THERM0_SDA in module OffRAMPS_top is either unconnected or has no load
WARNING: [Synth 8-7129] Port i_THERM1_SCL in module OffRAMPS_top is either unconnected or has no load
WARNING: [Synth 8-7129] Port i_THERM1_SDA in module OffRAMPS_top is either unconnected or has no load
WARNING: [Synth 8-7129] Port i_X_MAX in module OffRAMPS_top is either unconnected or has no load
WARNING: [Synth 8-7129] Port i_Y_MAX in module OffRAMPS_top is either unconnected or has no load
WARNING: [Synth 8-7129] Port i_Z_MAX in module OffRAMPS_top is either unconnected or has no load
---------------------------------------------------------------------------------
Finished RTL Elaboration : Time (s): cpu = 00:00:08 ; elapsed = 00:00:09 . Memory (MB): peak = 2149.398 ; gain = 480.684 ; free physical = 129 ; free virtual = 3997
---------------------------------------------------------------------------------
---------------------------------------------------------------------------------
Start Handling Custom Attributes
---------------------------------------------------------------------------------
---------------------------------------------------------------------------------
Finished Handling Custom Attributes : Time (s): cpu = 00:00:08 ; elapsed = 00:00:09 . Memory (MB): peak = 2167.211 ; gain = 498.496 ; free physical = 128 ; free virtual = 3995
---------------------------------------------------------------------------------
---------------------------------------------------------------------------------
Finished RTL Optimization Phase 1 : Time (s): cpu = 00:00:08 ; elapsed = 00:00:09 . Memory (MB): peak = 2167.211 ; gain = 498.496 ; free physical = 128 ; free virtual = 3995
---------------------------------------------------------------------------------
Netlist sorting complete. Time (s): cpu = 00:00:00 ; elapsed = 00:00:00 . Memory (MB): peak = 2167.211 ; gain = 0.000 ; free physical = 127 ; free virtual = 3995
INFO: [Project 1-570] Preparing netlist for logic optimization

Processing XDC Constraints
Initializing timing engine
Parsing XDC File [/home/jason/Desktop/OffRAMPS_HDL/OffRAMPS_HDL.srcs/constrs_1/new/constraints.xdc]
WARNING: [Vivado 12-584] No ports matched 'led0_b'. [/home/jason/Desktop/OffRAMPS_HDL/OffRAMPS_HDL.srcs/constrs_1/new/constraints.xdc:13]
CRITICAL WARNING: [Common 17-55] 'set_property' expects at least one object. [/home/jason/Desktop/OffRAMPS_HDL/OffRAMPS_HDL.srcs/constrs_1/new/constraints.xdc:13]
Resolution: If [get_<value>] was used to populate the object, check to make sure this command returns at least one valid object.
Finished Parsing XDC File [/home/jason/Desktop/OffRAMPS_HDL/OffRAMPS_HDL.srcs/constrs_1/new/constraints.xdc]
INFO: [Project 1-236] Implementation specific constraints were found while reading constraint file [/home/jason/Desktop/OffRAMPS_HDL/OffRAMPS_HDL.srcs/constrs_1/new/constraints.xdc]. These constraints will be ignored for synthesis but will be used in implementation. Impacted constraints are listed in the file [.Xil/OffRAMPS_top_propImpl.xdc].
Resolution: To avoid this warning, move constraints listed in [.Xil/OffRAMPS_top_propImpl.xdc] to another XDC file and exclude this new file from synthesis with the used_in_synthesis property (File Properties dialog in GUI) and re-run elaboration/synthesis.
Completed Processing XDC Constraints

Netlist sorting complete. Time (s): cpu = 00:00:00 ; elapsed = 00:00:00 . Memory (MB): peak = 2273.945 ; gain = 0.000 ; free physical = 118 ; free virtual = 3992
INFO: [Project 1-111] Unisim Transformation Summary:
No Unisim elements were transformed.

Constraint Validation Runtime : Time (s): cpu = 00:00:00 ; elapsed = 00:00:00 . Memory (MB): peak = 2273.980 ; gain = 0.000 ; free physical = 117 ; free virtual = 3991
INFO: [Designutils 20-5440] No compile time benefit to using incremental synthesis; A full resynthesis will be run
INFO: [Designutils 20-4379] Flow is switching to default flow due to incremental criteria not met. If you would like to alter this behaviour and have the flow terminate instead, please set the following parameter config_implementation {autoIncr.Synth.RejectBehavior Terminate}
---------------------------------------------------------------------------------
Finished Constraint Validation : Time (s): cpu = 00:00:16 ; elapsed = 00:00:17 . Memory (MB): peak = 2273.980 ; gain = 605.266 ; free physical = 114 ; free virtual = 3979
---------------------------------------------------------------------------------
---------------------------------------------------------------------------------
Start Loading Part and Timing Information
---------------------------------------------------------------------------------
Loading part: xc7a35tcpg236-1
---------------------------------------------------------------------------------
Finished Loading Part and Timing Information : Time (s): cpu = 00:00:16 ; elapsed = 00:00:17 . Memory (MB): peak = 2273.980 ; gain = 605.266 ; free physical = 114 ; free virtual = 3979
---------------------------------------------------------------------------------
---------------------------------------------------------------------------------
Start Applying 'set_property' XDC Constraints
---------------------------------------------------------------------------------
---------------------------------------------------------------------------------
Finished applying 'set_property' XDC Constraints : Time (s): cpu = 00:00:16 ; elapsed = 00:00:17 . Memory (MB): peak = 2273.980 ; gain = 605.266 ; free physical = 114 ; free virtual = 3979
---------------------------------------------------------------------------------
INFO: [Synth 8-802] inferred FSM for state register 'state_reg' in module 'DETECT_HOME'
---------------------------------------------------------------------------------------------------
                   State |                     New Encoding |                Previous Encoding 
---------------------------------------------------------------------------------------------------
                  wait_x |                               00 |                               00
                  wait_y |                               01 |                               01
                  wait_z |                               10 |                               10
                  iSTATE |                               11 |                               11
---------------------------------------------------------------------------------------------------
INFO: [Synth 8-3354] encoded FSM with state register 'state_reg' using encoding 'sequential' in module 'DETECT_HOME'
---------------------------------------------------------------------------------
Finished RTL Optimization Phase 2 : Time (s): cpu = 00:00:17 ; elapsed = 00:00:18 . Memory (MB): peak = 2273.980 ; gain = 605.266 ; free physical = 132 ; free virtual = 3983
---------------------------------------------------------------------------------
---------------------------------------------------------------------------------
Start RTL Component Statistics 
---------------------------------------------------------------------------------
Detailed RTL Component Info : 
+---Registers : 
	                2 Bit    Registers := 1     
	                1 Bit    Registers := 6     
+---Muxes : 
	   3 Input    2 Bit        Muxes := 1     
	   2 Input    2 Bit        Muxes := 3     
	   2 Input    1 Bit        Muxes := 18    
---------------------------------------------------------------------------------
Finished RTL Component Statistics 
---------------------------------------------------------------------------------
---------------------------------------------------------------------------------
Start Part Resource Summary
---------------------------------------------------------------------------------
Part Resources:
DSPs: 90 (col length:60)
BRAMs: 100 (col length: RAMB18 60 RAMB36 30)
---------------------------------------------------------------------------------
Finished Part Resource Summary
---------------------------------------------------------------------------------
---------------------------------------------------------------------------------
Start Cross Boundary and Area Optimization
---------------------------------------------------------------------------------
WARNING: [Synth 8-7080] Parallel synthesis criteria is not met
WARNING: [Synth 8-3917] design OffRAMPS_top has port o_THERM_EN driven by constant 0
WARNING: [Synth 8-7129] Port led_1 in module OffRAMPS_top is either unconnected or has no load
WARNING: [Synth 8-7129] Port o_D10 in module OffRAMPS_top is either unconnected or has no load
WARNING: [Synth 8-7129] Port o_D9 in module OffRAMPS_top is either unconnected or has no load
WARNING: [Synth 8-7129] Port o_X_MAX in module OffRAMPS_top is either unconnected or has no load
WARNING: [Synth 8-7129] Port o_Y_MAX in module OffRAMPS_top is either unconnected or has no load
WARNING: [Synth 8-7129] Port o_Z_MAX in module OffRAMPS_top is either unconnected or has no load
WARNING: [Synth 8-7129] Port i_THERM0_n_0 in module OffRAMPS_top is either unconnected or has no load
WARNING: [Synth 8-7129] Port i_THERM0_p_0 in module OffRAMPS_top is either unconnected or has no load
WARNING: [Synth 8-7129] Port i_THERM1_n_1 in module OffRAMPS_top is either unconnected or has no load
WARNING: [Synth 8-7129] Port i_THERM1_p_1 in module OffRAMPS_top is either unconnected or has no load
WARNING: [Synth 8-7129] Port i_D10 in module OffRAMPS_top is either unconnected or has no load
WARNING: [Synth 8-7129] Port i_D8 in module OffRAMPS_top is either unconnected or has no load
WARNING: [Synth 8-7129] Port i_D9 in module OffRAMPS_top is either unconnected or has no load
WARNING: [Synth 8-7129] Port i_THERM0_SCL in module OffRAMPS_top is either unconnected or has no load
WARNING: [Synth 8-7129] Port i_THERM0_SDA in module OffRAMPS_top is either unconnected or has no load
WARNING: [Synth 8-7129] Port i_THERM1_SCL in module OffRAMPS_top is either unconnected or has no load
WARNING: [Synth 8-7129] Port i_THERM1_SDA in module OffRAMPS_top is either unconnected or has no load
WARNING: [Synth 8-7129] Port i_X_MAX in module OffRAMPS_top is either unconnected or has no load
WARNING: [Synth 8-7129] Port i_Y_MAX in module OffRAMPS_top is either unconnected or has no load
WARNING: [Synth 8-7129] Port i_Z_MAX in module OffRAMPS_top is either unconnected or has no load
---------------------------------------------------------------------------------
Finished Cross Boundary and Area Optimization : Time (s): cpu = 00:00:18 ; elapsed = 00:00:19 . Memory (MB): peak = 2273.980 ; gain = 605.266 ; free physical = 127 ; free virtual = 3975
---------------------------------------------------------------------------------
---------------------------------------------------------------------------------
Start Applying XDC Timing Constraints
---------------------------------------------------------------------------------
---------------------------------------------------------------------------------
Finished Applying XDC Timing Constraints : Time (s): cpu = 00:00:23 ; elapsed = 00:00:24 . Memory (MB): peak = 2273.980 ; gain = 605.266 ; free physical = 118 ; free virtual = 3973
---------------------------------------------------------------------------------
---------------------------------------------------------------------------------
Start Timing Optimization
---------------------------------------------------------------------------------
---------------------------------------------------------------------------------
Finished Timing Optimization : Time (s): cpu = 00:00:23 ; elapsed = 00:00:24 . Memory (MB): peak = 2273.980 ; gain = 605.266 ; free physical = 118 ; free virtual = 3973
---------------------------------------------------------------------------------
---------------------------------------------------------------------------------
Start Technology Mapping
---------------------------------------------------------------------------------
---------------------------------------------------------------------------------
Finished Technology Mapping : Time (s): cpu = 00:00:23 ; elapsed = 00:00:24 . Memory (MB): peak = 2273.980 ; gain = 605.266 ; free physical = 118 ; free virtual = 3973
---------------------------------------------------------------------------------
---------------------------------------------------------------------------------
Start IO Insertion
---------------------------------------------------------------------------------
---------------------------------------------------------------------------------
Start Flattening Before IO Insertion
---------------------------------------------------------------------------------
---------------------------------------------------------------------------------
Finished Flattening Before IO Insertion
---------------------------------------------------------------------------------
---------------------------------------------------------------------------------
Start Final Netlist Cleanup
---------------------------------------------------------------------------------
---------------------------------------------------------------------------------
Finished Final Netlist Cleanup
---------------------------------------------------------------------------------
---------------------------------------------------------------------------------
Finished IO Insertion : Time (s): cpu = 00:00:28 ; elapsed = 00:00:29 . Memory (MB): peak = 2273.980 ; gain = 605.266 ; free physical = 113 ; free virtual = 3972
---------------------------------------------------------------------------------
---------------------------------------------------------------------------------
Start Renaming Generated Instances
---------------------------------------------------------------------------------
---------------------------------------------------------------------------------
Finished Renaming Generated Instances : Time (s): cpu = 00:00:28 ; elapsed = 00:00:29 . Memory (MB): peak = 2273.980 ; gain = 605.266 ; free physical = 113 ; free virtual = 3972
---------------------------------------------------------------------------------
---------------------------------------------------------------------------------
Start Rebuilding User Hierarchy
---------------------------------------------------------------------------------
---------------------------------------------------------------------------------
Finished Rebuilding User Hierarchy : Time (s): cpu = 00:00:28 ; elapsed = 00:00:29 . Memory (MB): peak = 2273.980 ; gain = 605.266 ; free physical = 113 ; free virtual = 3972
---------------------------------------------------------------------------------
---------------------------------------------------------------------------------
Start Renaming Generated Ports
---------------------------------------------------------------------------------
---------------------------------------------------------------------------------
Finished Renaming Generated Ports : Time (s): cpu = 00:00:28 ; elapsed = 00:00:29 . Memory (MB): peak = 2273.980 ; gain = 605.266 ; free physical = 113 ; free virtual = 3972
---------------------------------------------------------------------------------
---------------------------------------------------------------------------------
Start Handling Custom Attributes
---------------------------------------------------------------------------------
---------------------------------------------------------------------------------
Finished Handling Custom Attributes : Time (s): cpu = 00:00:28 ; elapsed = 00:00:29 . Memory (MB): peak = 2273.980 ; gain = 605.266 ; free physical = 113 ; free virtual = 3972
---------------------------------------------------------------------------------
---------------------------------------------------------------------------------
Start Renaming Generated Nets
---------------------------------------------------------------------------------
---------------------------------------------------------------------------------
Finished Renaming Generated Nets : Time (s): cpu = 00:00:28 ; elapsed = 00:00:29 . Memory (MB): peak = 2273.980 ; gain = 605.266 ; free physical = 113 ; free virtual = 3972
---------------------------------------------------------------------------------
---------------------------------------------------------------------------------
Start Writing Synthesis Report
---------------------------------------------------------------------------------

Report BlackBoxes: 
+-+--------------+----------+
| |BlackBox name |Instances |
+-+--------------+----------+
+-+--------------+----------+

Report Cell Usage: 
+------+------+------+
|      |Cell  |Count |
+------+------+------+
|1     |BUFG  |     1|
|2     |LUT1  |     2|
|3     |LUT2  |    16|
|4     |LUT3  |     2|
|5     |LUT5  |     1|
|6     |FDRE  |     7|
|7     |FDSE  |     1|
|8     |IBUF  |    19|
|9     |OBUF  |    19|
|10    |OBUFT |     8|
+------+------+------+
---------------------------------------------------------------------------------
Finished Writing Synthesis Report : Time (s): cpu = 00:00:28 ; elapsed = 00:00:29 . Memory (MB): peak = 2273.980 ; gain = 605.266 ; free physical = 113 ; free virtual = 3972
---------------------------------------------------------------------------------
Synthesis finished with 0 errors, 0 critical warnings and 22 warnings.
Synthesis Optimization Runtime : Time (s): cpu = 00:00:25 ; elapsed = 00:00:26 . Memory (MB): peak = 2273.980 ; gain = 498.496 ; free physical = 131 ; free virtual = 3965
Synthesis Optimization Complete : Time (s): cpu = 00:00:28 ; elapsed = 00:00:29 . Memory (MB): peak = 2273.980 ; gain = 605.266 ; free physical = 132 ; free virtual = 3965
INFO: [Project 1-571] Translating synthesized netlist
Netlist sorting complete. Time (s): cpu = 00:00:00 ; elapsed = 00:00:00.01 . Memory (MB): peak = 2273.980 ; gain = 0.000 ; free physical = 132 ; free virtual = 3965
INFO: [Project 1-570] Preparing netlist for logic optimization
INFO: [Opt 31-138] Pushed 0 inverter(s) to 0 load pin(s).
Netlist sorting complete. Time (s): cpu = 00:00:00 ; elapsed = 00:00:00 . Memory (MB): peak = 2273.980 ; gain = 0.000 ; free physical = 395 ; free virtual = 4257
INFO: [Project 1-111] Unisim Transformation Summary:
No Unisim elements were transformed.

Synth Design complete | Checksum: d0d87f14
INFO: [Common 17-83] Releasing license: Synthesis
36 Infos, 100 Warnings, 1 Critical Warnings and 0 Errors encountered.
synth_design completed successfully
synth_design: Time (s): cpu = 00:00:37 ; elapsed = 00:00:34 . Memory (MB): peak = 2273.980 ; gain = 937.242 ; free physical = 395 ; free virtual = 4256
INFO: [Common 17-2834] synth_design peak Physical Memory [PSS] (MB): overall = 1890.896; main = 1504.800; forked = 447.086
INFO: [Common 17-2834] synth_design peak Virtual Memory [VSS] (MB): overall = 3312.461; main = 2273.949; forked = 1038.512
INFO: [runtcl-6] Synthesis results are not added to the cache due to CRITICAL_WARNING
Write ShapeDB Complete: Time (s): cpu = 00:00:00 ; elapsed = 00:00:00 . Memory (MB): peak = 2297.957 ; gain = 0.000 ; free physical = 395 ; free virtual = 4256
INFO: [Common 17-1381] The checkpoint '/home/jason/Desktop/OffRAMPS_HDL/OffRAMPS_HDL.runs/synth_1/OffRAMPS_top.dcp' has been generated.
INFO: [runtcl-4] Executing : report_utilization -file OffRAMPS_top_utilization_synth.rpt -pb OffRAMPS_top_utilization_synth.pb
INFO: [Common 17-206] Exiting Vivado at Wed Nov 29 13:06:59 2023...
