Copyright 1986-2022 Xilinx, Inc. All Rights Reserved. Copyright 2022-2023 Advanced Micro Devices, Inc. All Rights Reserved.
---------------------------------------------------------------------------------------------------------------------------------------------
| Tool Version : Vivado v.2023.2 (lin64) Build 4029153 Fri Oct 13 20:13:54 MDT 2023
| Date         : Wed Nov 29 18:44:49 2023
| Host         : jason-XPS-13-9343 running 64-bit Ubuntu 22.04.3 LTS
| Command      : report_control_sets -verbose -file OffRAMPS_top_control_sets_placed.rpt
| Design       : OffRAMPS_top
| Device       : xc7a35t
---------------------------------------------------------------------------------------------------------------------------------------------

Control Set Information

Table of Contents
-----------------
1. Summary
2. Histogram
3. Flip-Flop Distribution
4. Detailed Control Set Information

1. Summary
----------

+----------------------------------------------------------+-------+
|                          Status                          | Count |
+----------------------------------------------------------+-------+
| Total control sets                                       |    11 |
|    Minimum number of control sets                        |    11 |
|    Addition due to synthesis replication                 |     0 |
|    Addition due to physical synthesis replication        |     0 |
| Unused register locations in slices containing registers |    31 |
+----------------------------------------------------------+-------+
* Control sets can be merged at opt_design using control_set_merge or merge_equivalent_drivers
** Run report_qor_suggestions for automated merging and remapping suggestions


2. Histogram
------------

+--------------------+-------+
|       Fanout       | Count |
+--------------------+-------+
| Total control sets |    11 |
| >= 0 to < 4        |     1 |
| >= 4 to < 6        |     0 |
| >= 6 to < 8        |     4 |
| >= 8 to < 10       |     0 |
| >= 10 to < 12      |     1 |
| >= 12 to < 14      |     0 |
| >= 14 to < 16      |     1 |
| >= 16              |     4 |
+--------------------+-------+
* Control sets can be remapped at either synth_design or opt_design


3. Flip-Flop Distribution
-------------------------

+--------------+-----------------------+------------------------+-----------------+--------------+
| Clock Enable | Synchronous Set/Reset | Asynchronous Set/Reset | Total Registers | Total Slices |
+--------------+-----------------------+------------------------+-----------------+--------------+
| No           | No                    | No                     |              18 |            6 |
| No           | No                    | Yes                    |               0 |            0 |
| No           | Yes                   | No                     |              66 |           20 |
| Yes          | No                    | No                     |              14 |            5 |
| Yes          | No                    | Yes                    |               0 |            0 |
| Yes          | Yes                   | No                     |              63 |           17 |
+--------------+-----------------------+------------------------+-----------------+--------------+


4. Detailed Control Set Information
-----------------------------------

+---------------------------------+-----------------------------------------+------------------------------------+------------------+----------------+--------------+
|           Clock Signal          |              Enable Signal              |          Set/Reset Signal          | Slice Load Count | Bel Load Count | Bels / Slice |
+---------------------------------+-----------------------------------------+------------------------------------+------------------+----------------+--------------+
|  sysclk_IBUF                    |                                         | HomingDetector/next_state0         |                1 |              1 |         1.00 |
|  Uart_TX/inst_clk/inst/clk_out1 |                                         | Uart_TX/DATA_VALUE[17][0]_i_1_n_0  |                3 |              6 |         2.00 |
|  Uart_TX/inst_clk/inst/clk_out1 | Uart_TX/DATA_IDX                        |                                    |                4 |              7 |         1.75 |
|  Uart_TX/inst_clk/inst/clk_out1 | Uart_TX/uartSend                        |                                    |                1 |              7 |         7.00 |
|  sysclk_IBUF                    |                                         |                                    |                2 |              7 |         3.50 |
|  Uart_TX/inst_clk/inst/clk_out1 |                                         |                                    |                4 |             11 |         2.75 |
|  Uart_TX/inst_clk/inst/clk_out1 |                                         | Uart_TX/Inst_UART_TX_CTRL/bitTmr   |                4 |             14 |         3.50 |
|  Uart_TX/inst_clk/inst/clk_out1 |                                         | Uart_TX/RESET_COUNTER0             |                5 |             18 |         3.60 |
|  Uart_TX/inst_clk/inst/clk_out1 |                                         | Uart_TX/EXAMPLE_COUNTER[0]_i_1_n_0 |                7 |             27 |         3.86 |
|  Uart_TX/inst_clk/inst/clk_out1 | Uart_TX/DATA_IDX                        | Uart_TX/DATA_IDX0                  |                8 |             31 |         3.88 |
|  Uart_TX/inst_clk/inst/clk_out1 | Uart_TX/Inst_UART_TX_CTRL/txBit_i_2_n_0 | Uart_TX/Inst_UART_TX_CTRL/READY    |                9 |             32 |         3.56 |
+---------------------------------+-----------------------------------------+------------------------------------+------------------+----------------+--------------+


